<?xml version="1.0" encoding="UTF-8"?>
<!-- Generated by org.testng.reporters.JUnitReportReporter -->
<testsuite skipped="0" hostname="sit-PC" name="TestingProj.FirstTest" tests="2" failures="0" timestamp="2021-12-02T21:27:20 IST" time="0.028" errors="0">
  <testcase name="FirstGood" time="0.003" classname="TestingProj.FirstTest"/>
  <system-out/>
  <testcase name="FirstBad" time="0.025" classname="TestingProj.FirstTest"/>
  <system-out/>
</testsuite> <!-- TestingProj.FirstTest -->
