<?xml version="1.0" encoding="UTF-8"?>
<!-- Generated by org.testng.reporters.JUnitReportReporter -->
<testsuite skipped="0" hostname="sit-PC" name="TestingProj.AppTest" tests="1" failures="0" timestamp="2021-12-02T21:27:20 IST" time="0.005" errors="0">
  <testcase name="testApp" time="0.005" classname="TestingProj.AppTest"/>
  <system-out/>
</testsuite> <!-- TestingProj.AppTest -->
