<?xml version="1.0" encoding="UTF-8"?>
<!-- Generated by org.testng.reporters.JUnitReportReporter -->
<testsuite skipped="0" hostname="sit-PC" name="TestingProj.SecondTest" tests="2" failures="0" timestamp="2022-02-19T21:46:08 IST" time="2.303" errors="0">
  <testcase name="SecondBad" time="2.301" classname="TestingProj.SecondTest"/>
  <system-out/>
  <testcase name="SecondGood" time="0.002" classname="TestingProj.SecondTest"/>
  <system-out/>
</testsuite> <!-- TestingProj.SecondTest -->
