<?xml version="1.0" encoding="UTF-8"?>
<!-- Generated by org.testng.reporters.JUnitReportReporter -->
<testsuite skipped="0" hostname="sit-PC" name="TestingProj.FirstTest" tests="2" failures="0" timestamp="2022-02-19T21:46:09 IST" time="0.013" errors="0">
  <testcase name="FirstBad" time="0.002" classname="TestingProj.FirstTest"/>
  <system-out/>
  <testcase name="FirstGood" time="0.011" classname="TestingProj.FirstTest"/>
  <system-out/>
</testsuite> <!-- TestingProj.FirstTest -->
