<?xml version="1.0" encoding="UTF-8"?>
<!-- Generated by org.testng.reporters.JUnitReportReporter -->
<testsuite skipped="0" hostname="sit-PC" name="TestingProj.ThirdTest" tests="2" failures="0" timestamp="2022-02-20T16:53:06 IST" time="0.001" errors="0">
  <testcase name="ThirdGood" time="0.000" classname="TestingProj.ThirdTest"/>
  <system-out/>
  <testcase name="ThirdBad" time="0.001" classname="TestingProj.ThirdTest"/>
  <system-out/>
</testsuite> <!-- TestingProj.ThirdTest -->
