<?xml version="1.0" encoding="UTF-8"?>
<!-- Generated by org.testng.reporters.JUnitReportReporter -->
<testsuite skipped="0" hostname="sit-PC" name="TestingProj.FirstTest" tests="2" failures="0" timestamp="2022-02-20T16:53:06 IST" time="0.023" errors="0">
  <testcase name="FirstBad" time="0.022" classname="TestingProj.FirstTest"/>
  <system-out/>
  <testcase name="FirstGood" time="0.001" classname="TestingProj.FirstTest"/>
  <system-out/>
</testsuite> <!-- TestingProj.FirstTest -->
