<?xml version="1.0" encoding="UTF-8"?>
<!-- Generated by org.testng.reporters.JUnitReportReporter -->
<testsuite skipped="0" hostname="sit-PC" name="TestingProj.SecondTest" tests="2" failures="0" timestamp="2022-02-20T16:53:06 IST" time="0.001" errors="0">
  <testcase name="SecondGood" time="0.001" classname="TestingProj.SecondTest"/>
  <system-out/>
  <testcase name="SecondBad" time="0.000" classname="TestingProj.SecondTest"/>
  <system-out/>
</testsuite> <!-- TestingProj.SecondTest -->
